 27
 27
 27
 28
 29
 30
 31
 31
 31
 57
 57
 57
 57
 57
 57
 57
 57
 57
 57
 57
 57
348
348
348
348
 51
 27
 27
 28
 29
 30
 31
 31
 57
 57
 57
 57
 57
 57
 57
 57
 57
 57
 57
 57
343
348
348
348
348
 51
 51
 52
 53
 54
 55
 56
 57
 57
 57
 57
 57
 57
 57
 57
 57
 57
 57
 57
343
343
348
348
348
348
 76
 76
 77
 78
 79
 80
 81
 82
 82
 82
 82
 82
 82
 82
 82
 82
 82
 82
343
343
343
348
348
348
348
101
101
102
103
104
105
106
107
107
107
107
107
107
107
107
107
107
342
343
343
343
348
348
348
348
126
126
127
128
129
130
131
132
132
132
132
132
132
132
132
132
341
342
343
343
343
348
348
348
348
151
151
152
153
154
155
156
157
157
157
157
157
157
157
157
340
341
342
343
343
343
348
348
348
348
176
176
177
178
179
180
181
182
182
182
182
182
182
182
340
340
341
342
343
343
343
348
348
348
348
201
201
202
203
204
205
206
207
207
207
207
207
207
340
340
340
341
342
343
343
343
348
348
348
348
226
226
227
228
229
230
231
232
232
232
232
232
335
340
340
340
341
342
343
343
343
348
348
348
348
251
251
252
253
254
255
256
257
257
257
257
335
335
340
340
340
341
342
343
343
343
348
348
348
348
276
276
277
278
279
280
281
282
282
282
335
335
335
340
340
340
341
342
343
343
343
348
348
348
348
301
301
302
303
304
305
306
307
307
334
335
335
335
340
340
340
341
342
343
343
343
348
348
348
348
326
326
327
328
329
330
331
332
333
334
335
335
335
340
340
340
341
342
343
343
343
348
348
348
348
351
351
352
353
354
355
356
357
358
359
360
360
387
388
365
365
366
367
368
368
368
373
373
373
373
376
376
377
378
379
380
381
382
383
384
385
386
387
388
389
390
391
392
393
393
420
421
398
398
398
401
401
402
403
404
405
406
407
408
409
410
411
412
413
414
415
416
417
418
419
420
421
422
423
423
426
426
427
428
429
430
431
432
433
434
435
436
437
438
439
440
441
442
443
444
445
446
447
448
448
451
451
452
453
429
430
431
432
433
459
460
461
462
463
464
465
466
467
468
444
445
446
447
473
473
476
476
477
478
478
430
431
432
484
484
485
486
487
488
489
490
491
492
493
493
445
446
498
498
498
501
501
502
503
503
530
531
532
509
509
510
511
512
513
514
515
516
517
518
518
518
523
523
523
523
526
526
527
528
529
530
531
532
533
534
535
536
537
538
539
540
541
542
543
543
571
571
548
548
548
551
551
552
553
554
555
556
557
558
559
560
536
537
538
539
540
541
542
543
543
571
571
571
548
548
576
576
577
578
579
580
581
582
583
584
585
585
537
538
539
540
541
542
543
596
596
596
596
548
548
601
601
602
603
604
605
606
607
608
609
610
610
637
638
639
640
641
642
643
644
621
621
621
621
621
626
626
627
628
629
630
631
632
633
634
635
636
637
638
639
640
641
642
643
644
645
646
646
646
646
651
651
652
653
654
655
656
657
658
659
660
661
662
663
664
665
666
667
668
669
670
671
671
671
671
676
676
677
678
654
680
681
682
683
684
685
686
687
688
689
690
691
692
693
694
695
696
696
696
748
701
701
702
703
703
680
681
707
708
709
710
686
687
688
689
690
691
692
693
694
695
696
747
748
748
726
726
727
728
728
731
731
732
733
734
735
736
737
738
739
740
741
742
743
744
745
746
747
748
748
751
751
752
753
753
756
756
757
758
759
760
761
762
763
764
765
766
767
768
769
770
771
772
773
773
776
776
777
778
778
780
781
782
783
784
785
786
787
763
764
765
766
767
768
794
795
796
797
798
798
801
801
802
803
803
805
806
807
808
809
810
811
787
787
764
765
766
767
794
794
820
821
822
823
823
826
826
827
828
829
830
831
832
833
834
835
836
837
837
864
865
866
867
844
844
845
846
847
848
848
851
851
852
853
854
855
856
857
858
859
860
861
862
863
864
865
866
867
868
869
870
871
872
848
848
876
876
877
878
879
880
881
882
883
884
885
886
887
888
889
890
891
892
893
894
895
896
872
872
848
876
876
877
878
879
880
881
882
883
884
885
886
887
888
889
890
891
892
893
894
895
896
896
872
872
